{"E:\\site-ecommerce\\backend\\login\\controllers\\authControllers.js": {"path":"E:\\site-ecommerce\\backend\\login\\controllers\\authControllers.js","statementMap":{"0":{"start":{"line":1,"column":18},"end":{"line":1,"column":42}},"1":{"start":{"line":2,"column":34},"end":{"line":2,"column":70}},"2":{"start":{"line":3,"column":20},"end":{"line":3,"column":45}},"3":{"start":{"line":4,"column":0},"end":{"line":26,"column":2}},"4":{"start":{"line":5,"column":30},"end":{"line":5,"column":38}},"5":{"start":{"line":6,"column":2},"end":{"line":6,"column":24}},"6":{"start":{"line":8,"column":2},"end":{"line":25,"column":3}},"7":{"start":{"line":10,"column":23},"end":{"line":10,"column":57}},"8":{"start":{"line":11,"column":4},"end":{"line":13,"column":5}},"9":{"start":{"line":12,"column":6},"end":{"line":12,"column":66}},"10":{"start":{"line":16,"column":27},"end":{"line":16,"column":52}},"11":{"start":{"line":19,"column":17},"end":{"line":19,"column":73}},"12":{"start":{"line":20,"column":4},"end":{"line":20,"column":22}},"13":{"start":{"line":22,"column":4},"end":{"line":22,"column":59}},"14":{"start":{"line":24,"column":4},"end":{"line":24,"column":49}},"15":{"start":{"line":28,"column":0},"end":{"line":54,"column":2}},"16":{"start":{"line":29,"column":30},"end":{"line":29,"column":38}},"17":{"start":{"line":30,"column":2},"end":{"line":30,"column":24}},"18":{"start":{"line":32,"column":2},"end":{"line":53,"column":3}},"19":{"start":{"line":34,"column":23},"end":{"line":34,"column":57}},"20":{"start":{"line":36,"column":4},"end":{"line":38,"column":5}},"21":{"start":{"line":37,"column":6},"end":{"line":37,"column":69}},"22":{"start":{"line":40,"column":18},"end":{"line":40,"column":66}},"23":{"start":{"line":41,"column":4},"end":{"line":43,"column":5}},"24":{"start":{"line":42,"column":6},"end":{"line":42,"column":72}},"25":{"start":{"line":45,"column":20},"end":{"line":45,"column":46}},"26":{"start":{"line":46,"column":18},"end":{"line":46,"column":38}},"27":{"start":{"line":47,"column":4},"end":{"line":47,"column":36}},"28":{"start":{"line":50,"column":4},"end":{"line":50,"column":78}},"29":{"start":{"line":52,"column":4},"end":{"line":52,"column":49}},"30":{"start":{"line":55,"column":0},"end":{"line":61,"column":2}},"31":{"start":{"line":56,"column":2},"end":{"line":60,"column":3}},"32":{"start":{"line":57,"column":4},"end":{"line":57,"column":33}},"33":{"start":{"line":59,"column":4},"end":{"line":59,"column":49}},"34":{"start":{"line":63,"column":0},"end":{"line":70,"column":2}},"35":{"start":{"line":64,"column":2},"end":{"line":69,"column":3}},"36":{"start":{"line":65,"column":21},"end":{"line":65,"column":43}},"37":{"start":{"line":66,"column":4},"end":{"line":66,"column":34}},"38":{"start":{"line":68,"column":4},"end":{"line":68,"column":49}}},"fnMap":{"0":{"name":"(anonymous_0)","decl":{"start":{"line":4,"column":26},"end":{"line":4,"column":27}},"loc":{"start":{"line":4,"column":46},"end":{"line":26,"column":1}},"line":4},"1":{"name":"(anonymous_1)","decl":{"start":{"line":28,"column":27},"end":{"line":28,"column":28}},"loc":{"start":{"line":28,"column":47},"end":{"line":54,"column":1}},"line":28},"2":{"name":"(anonymous_2)","decl":{"start":{"line":55,"column":32},"end":{"line":55,"column":33}},"loc":{"start":{"line":55,"column":52},"end":{"line":61,"column":1}},"line":55},"3":{"name":"(anonymous_3)","decl":{"start":{"line":63,"column":29},"end":{"line":63,"column":30}},"loc":{"start":{"line":63,"column":49},"end":{"line":70,"column":1}},"line":63}},"branchMap":{"0":{"loc":{"start":{"line":11,"column":4},"end":{"line":13,"column":5}},"type":"if","locations":[{"start":{"line":11,"column":4},"end":{"line":13,"column":5}},{"start":{},"end":{}}],"line":11},"1":{"loc":{"start":{"line":36,"column":4},"end":{"line":38,"column":5}},"type":"if","locations":[{"start":{"line":36,"column":4},"end":{"line":38,"column":5}},{"start":{},"end":{}}],"line":36},"2":{"loc":{"start":{"line":41,"column":4},"end":{"line":43,"column":5}},"type":"if","locations":[{"start":{"line":41,"column":4},"end":{"line":43,"column":5}},{"start":{},"end":{}}],"line":41}},"s":{"0":0,"1":0,"2":0,"3":0,"4":0,"5":0,"6":0,"7":0,"8":0,"9":0,"10":0,"11":0,"12":0,"13":0,"14":0,"15":0,"16":0,"17":0,"18":0,"19":0,"20":0,"21":0,"22":0,"23":0,"24":0,"25":0,"26":0,"27":0,"28":0,"29":0,"30":0,"31":0,"32":0,"33":0,"34":0,"35":0,"36":0,"37":0,"38":0},"f":{"0":0,"1":0,"2":0,"3":0},"b":{"0":[0,0],"1":[0,0],"2":[0,0]}}
,"E:\\site-ecommerce\\backend\\login\\utils\\PasswordFunction.js": {"path":"E:\\site-ecommerce\\backend\\login\\utils\\PasswordFunction.js","statementMap":{"0":{"start":{"line":1,"column":15},"end":{"line":1,"column":34}},"1":{"start":{"line":3,"column":18},"end":{"line":10,"column":1}},"2":{"start":{"line":4,"column":2},"end":{"line":9,"column":3}},"3":{"start":{"line":5,"column":27},"end":{"line":5,"column":53}},"4":{"start":{"line":6,"column":4},"end":{"line":6,"column":26}},"5":{"start":{"line":8,"column":4},"end":{"line":8,"column":23}},"6":{"start":{"line":13,"column":19},"end":{"line":16,"column":1}},"7":{"start":{"line":14,"column":16},"end":{"line":14,"column":48}},"8":{"start":{"line":15,"column":2},"end":{"line":15,"column":15}},"9":{"start":{"line":17,"column":0},"end":{"line":17,"column":43}}},"fnMap":{"0":{"name":"(anonymous_0)","decl":{"start":{"line":3,"column":18},"end":{"line":3,"column":19}},"loc":{"start":{"line":3,"column":33},"end":{"line":10,"column":1}},"line":3},"1":{"name":"(anonymous_1)","decl":{"start":{"line":13,"column":19},"end":{"line":13,"column":20}},"loc":{"start":{"line":13,"column":41},"end":{"line":16,"column":1}},"line":13}},"branchMap":{},"s":{"0":1,"1":1,"2":0,"3":0,"4":0,"5":0,"6":1,"7":0,"8":0,"9":1},"f":{"0":0,"1":0},"b":{},"_coverageSchema":"1a1c01bbd47fc00a2c39e90264f33305004495a9","hash":"cb806bec99bf8ba9a6e3bfc7fd660337fb405c9f"}
,"E:\\site-ecommerce\\backend\\login\\utils\\Token.js": {"path":"E:\\site-ecommerce\\backend\\login\\utils\\Token.js","statementMap":{"0":{"start":{"line":1,"column":10},"end":{"line":1,"column":33}},"1":{"start":{"line":4,"column":2},"end":{"line":4,"column":22}},"2":{"start":{"line":5,"column":16},"end":{"line":5,"column":71}},"3":{"start":{"line":6,"column":2},"end":{"line":6,"column":20}},"4":{"start":{"line":7,"column":2},"end":{"line":7,"column":14}},"5":{"start":{"line":9,"column":0},"end":{"line":9,"column":29}}},"fnMap":{"0":{"name":"createToken","decl":{"start":{"line":3,"column":9},"end":{"line":3,"column":20}},"loc":{"start":{"line":3,"column":30},"end":{"line":8,"column":1}},"line":3}},"branchMap":{},"s":{"0":0,"1":0,"2":0,"3":0,"4":0,"5":0},"f":{"0":0},"b":{}}
}
